# JRE version: Java(TM) SE Runtime Environment (8.0_101-b13) (build 1.8.0_101-b13)
# Java VM: Java HotSpot(TM) 64-Bit Server VM (25.101-b13 mixed mode windows-amd64 compressed oops)
Heap:
 PSYoungGen      total 163840K, used 41632K [0x00000000e1300000, 0x00000000ee300000, 0x0000000100000000)
  eden space 156160K, 21% used [0x00000000e1300000,0x00000000e3450ab8,0x00000000eab80000)
  from space 7680K, 97% used [0x00000000edb80000,0x00000000ee2d77c8,0x00000000ee300000)
  to   space 9216K, 0% used [0x00000000ed100000,0x00000000ed100000,0x00000000eda00000)
 ParOldGen       total 55296K, used 16944K [0x00000000a3800000, 0x00000000a6e00000, 0x00000000e1300000)
  object space 55296K, 30% used [0x00000000a3800000,0x00000000a488c3f0,0x00000000a6e00000)
 Metaspace       used 27674K, capacity 27884K, committed 28336K, reserved 1075200K
  class space    used 3361K, capacity 3387K, committed 3504K, reserved 1048576K
GC Heap History (10 events):
Event: 3.303 GC heap before
{Heap before GC invocations=5 (full 0):
 PSYoungGen      total 52736K, used 52705K [0x00000000e1300000, 0x00000000e4a00000, 0x0000000100000000)
  eden space 49152K, 100% used [0x00000000e1300000,0x00000000e4300000,0x00000000e4300000)
  from space 3584K, 99% used [0x00000000e4680000,0x00000000e49f87d8,0x00000000e4a00000)
  to   space 3584K, 0% used [0x00000000e4300000,0x00000000e4300000,0x00000000e4680000)
 ParOldGen       total 64512K, used 14260K [0x00000000a3800000, 0x00000000a7700000, 0x00000000e1300000)
  object space 64512K, 22% used [0x00000000a3800000,0x00000000a45ed0f8,0x00000000a7700000)
 Metaspace       used 19402K, capacity 19556K, committed 19840K, reserved 1067008K
  class space    used 2315K, capacity 2351K, committed 2432K, reserved 1048576K
Event: 3.329 GC heap after
Heap after GC invocations=5 (full 0):
 PSYoungGen      total 52736K, used 3584K [0x00000000e1300000, 0x00000000e8400000, 0x0000000100000000)
  eden space 49152K, 0% used [0x00000000e1300000,0x00000000e1300000,0x00000000e4300000)
  from space 3584K, 100% used [0x00000000e4300000,0x00000000e4680000,0x00000000e4680000)
  to   space 8704K, 0% used [0x00000000e7b80000,0x00000000e7b80000,0x00000000e8400000)
 ParOldGen       total 64512K, used 16174K [0x00000000a3800000, 0x00000000a7700000, 0x00000000e1300000)
  object space 64512K, 25% used [0x00000000a3800000,0x00000000a47cbbc8,0x00000000a7700000)
 Metaspace       used 19402K, capacity 19556K, committed 19840K, reserved 1067008K
  class space    used 2315K, capacity 2351K, committed 2432K, reserved 1048576K
}
Event: 3.727 GC heap before
{Heap before GC invocations=6 (full 0):
 PSYoungGen      total 52736K, used 52736K [0x00000000e1300000, 0x00000000e8400000, 0x0000000100000000)
  eden space 49152K, 100% used [0x00000000e1300000,0x00000000e4300000,0x00000000e4300000)
  from space 3584K, 100% used [0x00000000e4300000,0x00000000e4680000,0x00000000e4680000)
  to   space 8704K, 0% used [0x00000000e7b80000,0x00000000e7b80000,0x00000000e8400000)
 ParOldGen       total 64512K, used 16174K [0x00000000a3800000, 0x00000000a7700000, 0x00000000e1300000)
  object space 64512K, 25% used [0x00000000a3800000,0x00000000a47cbbc8,0x00000000a7700000)
 Metaspace       used 20190K, capacity 20374K, committed 20736K, reserved 1067008K
  class space    used 2417K, capacity 2450K, committed 2560K, reserved 1048576K
Event: 3.738 GC heap after
Heap after GC invocations=6 (full 0):
 PSYoungGen      total 107008K, used 5786K [0x00000000e1300000, 0x00000000e8400000, 0x0000000100000000)
  eden space 98304K, 0% used [0x00000000e1300000,0x00000000e1300000,0x00000000e7300000)
  from space 8704K, 66% used [0x00000000e7b80000,0x00000000e8126848,0x00000000e8400000)
  to   space 8704K, 0% used [0x00000000e7300000,0x00000000e7300000,0x00000000e7b80000)
 ParOldGen       total 64512K, used 16174K [0x00000000a3800000, 0x00000000a7700000, 0x00000000e1300000)
  object space 64512K, 25% used [0x00000000a3800000,0x00000000a47cbbc8,0x00000000a7700000)
 Metaspace       used 20190K, capacity 20374K, committed 20736K, reserved 1067008K
  class space    used 2417K, capacity 2450K, committed 2560K, reserved 1048576K
}
Event: 4.116 GC heap before
{Heap before GC invocations=7 (full 0):
 PSYoungGen      total 107008K, used 52455K [0x00000000e1300000, 0x00000000e8400000, 0x0000000100000000)
  eden space 98304K, 47% used [0x00000000e1300000,0x00000000e40934c0,0x00000000e7300000)
  from space 8704K, 66% used [0x00000000e7b80000,0x00000000e8126848,0x00000000e8400000)
  to   space 8704K, 0% used [0x00000000e7300000,0x00000000e7300000,0x00000000e7b80000)
 ParOldGen       total 64512K, used 16174K [0x00000000a3800000, 0x00000000a7700000, 0x00000000e1300000)
  object space 64512K, 25% used [0x00000000a3800000,0x00000000a47cbbc8,0x00000000a7700000)
 Metaspace       used 21062K, capacity 21212K, committed 21296K, reserved 1069056K
  class space    used 2543K, capacity 2579K, committed 2608K, reserved 1048576K
Event: 4.130 GC heap after
Heap after GC invocations=7 (full 0):
 PSYoungGen      total 107008K, used 7768K [0x00000000e1300000, 0x00000000ee400000, 0x0000000100000000)
  eden space 98304K, 0% used [0x00000000e1300000,0x00000000e1300000,0x00000000e7300000)
  from space 8704K, 89% used [0x00000000e7300000,0x00000000e7a96378,0x00000000e7b80000)
  to   space 8704K, 0% used [0x00000000edb80000,0x00000000edb80000,0x00000000ee400000)
 ParOldGen       total 64512K, used 17135K [0x00000000a3800000, 0x00000000a7700000, 0x00000000e1300000)
  object space 64512K, 26% used [0x00000000a3800000,0x00000000a48bbf50,0x00000000a7700000)
 Metaspace       used 21062K, capacity 21212K, committed 21296K, reserved 1069056K
  class space    used 2543K, capacity 2579K, committed 2608K, reserved 1048576K
}
Event: 4.130 GC heap before
{Heap before GC invocations=8 (full 1):
 PSYoungGen      total 107008K, used 7768K [0x00000000e1300000, 0x00000000ee400000, 0x0000000100000000)
  eden space 98304K, 0% used [0x00000000e1300000,0x00000000e1300000,0x00000000e7300000)
  from space 8704K, 89% used [0x00000000e7300000,0x00000000e7a96378,0x00000000e7b80000)
  to   space 8704K, 0% used [0x00000000edb80000,0x00000000edb80000,0x00000000ee400000)
 ParOldGen       total 64512K, used 17135K [0x00000000a3800000, 0x00000000a7700000, 0x00000000e1300000)
  object space 64512K, 26% used [0x00000000a3800000,0x00000000a48bbf50,0x00000000a7700000)
 Metaspace       used 21062K, capacity 21212K, committed 21296K, reserved 1069056K
  class space    used 2543K, capacity 2579K, committed 2608K, reserved 1048576K
Event: 4.185 GC heap after
Heap after GC invocations=8 (full 1):
 PSYoungGen      total 107008K, used 0K [0x00000000e1300000, 0x00000000ee400000, 0x0000000100000000)
  eden space 98304K, 0% used [0x00000000e1300000,0x00000000e1300000,0x00000000e7300000)
  from space 8704K, 0% used [0x00000000e7300000,0x00000000e7300000,0x00000000e7b80000)
  to   space 8704K, 0% used [0x00000000edb80000,0x00000000edb80000,0x00000000ee400000)
 ParOldGen       total 55296K, used 16936K [0x00000000a3800000, 0x00000000a6e00000, 0x00000000e1300000)
  object space 55296K, 30% used [0x00000000a3800000,0x00000000a488a3f0,0x00000000a6e00000)
 Metaspace       used 21062K, capacity 21212K, committed 21296K, reserved 1069056K
  class space    used 2543K, capacity 2579K, committed 2608K, reserved 1048576K
}
Event: 5.681 GC heap before
{Heap before GC invocations=9 (full 1):
 PSYoungGen      total 107008K, used 98304K [0x00000000e1300000, 0x00000000ee400000, 0x0000000100000000)
  eden space 98304K, 100% used [0x00000000e1300000,0x00000000e7300000,0x00000000e7300000)
  from space 8704K, 0% used [0x00000000e7300000,0x00000000e7300000,0x00000000e7b80000)
  to   space 8704K, 0% used [0x00000000edb80000,0x00000000edb80000,0x00000000ee400000)
 ParOldGen       total 55296K, used 16936K [0x00000000a3800000, 0x00000000a6e00000, 0x00000000e1300000)
  object space 55296K, 30% used [0x00000000a3800000,0x00000000a488a3f0,0x00000000a6e00000)
 Metaspace       used 26394K, capacity 26636K, committed 26928K, reserved 1073152K
  class space    used 3226K, capacity 3291K, committed 3376K, reserved 1048576K
Event: 5.691 GC heap after
Heap after GC invocations=9 (full 1):
 PSYoungGen      total 163840K, used 7517K [0x00000000e1300000, 0x00000000ee300000, 0x0000000100000000)
  eden space 156160K, 0% used [0x00000000e1300000,0x00000000e1300000,0x00000000eab80000)
  from space 7680K, 97% used [0x00000000edb80000,0x00000000ee2d77c8,0x00000000ee300000)
  to   space 9216K, 0% used [0x00000000ed100000,0x00000000ed100000,0x00000000eda00000)
 ParOldGen       total 55296K, used 16944K [0x00000000a3800000, 0x00000000a6e00000, 0x00000000e1300000)
  object space 55296K, 30% used [0x00000000a3800000,0x00000000a488c3f0,0x00000000a6e00000)
 Metaspace       used 26394K, capacity 26636K, committed 26928K, reserved 1073152K
  class space    used 3226K, capacity 3291K, committed 3376K, reserved 1048576K
}

