# JRE version: Java(TM) SE Runtime Environment (8.0_101-b13) (build 1.8.0_101-b13)
# Java VM: Java HotSpot(TM) 64-Bit Server VM (25.101-b13 mixed mode windows-amd64 compressed oops)
Heap:
 PSYoungGen      total 148480K, used 95514K [0x00000000e1300000, 0x00000000eb280000, 0x0000000100000000)
  eden space 138240K, 61% used [0x00000000e1300000,0x00000000e66499e0,0x00000000e9a00000)
  from space 10240K, 99% used [0x00000000ea580000,0x00000000eaf7d000,0x00000000eaf80000)
  to   space 11776K, 0% used [0x00000000e9a00000,0x00000000e9a00000,0x00000000ea580000)
 ParOldGen       total 71168K, used 23436K [0x00000000a3800000, 0x00000000a7d80000, 0x00000000e1300000)
  object space 71168K, 32% used [0x00000000a3800000,0x00000000a4ee3390,0x00000000a7d80000)
 Metaspace       used 47686K, capacity 47982K, committed 48552K, reserved 1091584K
  class space    used 5874K, capacity 5964K, committed 6064K, reserved 1048576K
GC Heap History (10 events):
Event: 12.319 GC heap before
{Heap before GC invocations=12 (full 1):
 PSYoungGen      total 83968K, used 74240K [0x00000000e1300000, 0x00000000e7000000, 0x0000000100000000)
  eden space 74240K, 100% used [0x00000000e1300000,0x00000000e5b80000,0x00000000e5b80000)
  from space 9728K, 0% used [0x00000000e6580000,0x00000000e6580000,0x00000000e6f00000)
  to   space 10240K, 0% used [0x00000000e5b80000,0x00000000e5b80000,0x00000000e6580000)
 ParOldGen       total 47616K, used 11520K [0x00000000a3800000, 0x00000000a6680000, 0x00000000e1300000)
  object space 47616K, 24% used [0x00000000a3800000,0x00000000a43403e0,0x00000000a6680000)
 Metaspace       used 25066K, capacity 25260K, committed 25520K, reserved 1071104K
  class space    used 3085K, capacity 3131K, committed 3248K, reserved 1048576K
Event: 12.329 GC heap after
Heap after GC invocations=12 (full 1):
 PSYoungGen      total 84480K, used 6367K [0x00000000e1300000, 0x00000000e8e00000, 0x0000000100000000)
  eden space 74240K, 0% used [0x00000000e1300000,0x00000000e1300000,0x00000000e5b80000)
  from space 10240K, 62% used [0x00000000e5b80000,0x00000000e61b7f00,0x00000000e6580000)
  to   space 10240K, 0% used [0x00000000e8400000,0x00000000e8400000,0x00000000e8e00000)
 ParOldGen       total 47616K, used 11528K [0x00000000a3800000, 0x00000000a6680000, 0x00000000e1300000)
  object space 47616K, 24% used [0x00000000a3800000,0x00000000a43423e0,0x00000000a6680000)
 Metaspace       used 25066K, capacity 25260K, committed 25520K, reserved 1071104K
  class space    used 3085K, capacity 3131K, committed 3248K, reserved 1048576K
}
Event: 24.324 GC heap before
{Heap before GC invocations=13 (full 1):
 PSYoungGen      total 84480K, used 80607K [0x00000000e1300000, 0x00000000e8e00000, 0x0000000100000000)
  eden space 74240K, 100% used [0x00000000e1300000,0x00000000e5b80000,0x00000000e5b80000)
  from space 10240K, 62% used [0x00000000e5b80000,0x00000000e61b7f00,0x00000000e6580000)
  to   space 10240K, 0% used [0x00000000e8400000,0x00000000e8400000,0x00000000e8e00000)
 ParOldGen       total 47616K, used 11528K [0x00000000a3800000, 0x00000000a6680000, 0x00000000e1300000)
  object space 47616K, 24% used [0x00000000a3800000,0x00000000a43423e0,0x00000000a6680000)
 Metaspace       used 28322K, capacity 28510K, committed 28848K, reserved 1075200K
  class space    used 3428K, capacity 3486K, committed 3504K, reserved 1048576K
Event: 24.344 GC heap after
Heap after GC invocations=13 (full 1):
 PSYoungGen      total 109568K, used 5112K [0x00000000e1300000, 0x00000000e8a80000, 0x0000000100000000)
  eden space 102912K, 0% used [0x00000000e1300000,0x00000000e1300000,0x00000000e7780000)
  from space 6656K, 76% used [0x00000000e8400000,0x00000000e88fe108,0x00000000e8a80000)
  to   space 9728K, 0% used [0x00000000e7780000,0x00000000e7780000,0x00000000e8100000)
 ParOldGen       total 47616K, used 14165K [0x00000000a3800000, 0x00000000a6680000, 0x00000000e1300000)
  object space 47616K, 29% used [0x00000000a3800000,0x00000000a45d5420,0x00000000a6680000)
 Metaspace       used 28322K, capacity 28510K, committed 28848K, reserved 1075200K
  class space    used 3428K, capacity 3486K, committed 3504K, reserved 1048576K
}
Event: 26.399 GC heap before
{Heap before GC invocations=14 (full 1):
 PSYoungGen      total 109568K, used 74678K [0x00000000e1300000, 0x00000000e8a80000, 0x0000000100000000)
  eden space 102912K, 67% used [0x00000000e1300000,0x00000000e56ef848,0x00000000e7780000)
  from space 6656K, 76% used [0x00000000e8400000,0x00000000e88fe108,0x00000000e8a80000)
  to   space 9728K, 0% used [0x00000000e7780000,0x00000000e7780000,0x00000000e8100000)
 ParOldGen       total 47616K, used 14165K [0x00000000a3800000, 0x00000000a6680000, 0x00000000e1300000)
  object space 47616K, 29% used [0x00000000a3800000,0x00000000a45d5420,0x00000000a6680000)
 Metaspace       used 34961K, capacity 35238K, committed 35496K, reserved 1081344K
  class space    used 4149K, capacity 4254K, committed 4272K, reserved 1048576K
Event: 26.410 GC heap after
Heap after GC invocations=14 (full 1):
 PSYoungGen      total 112640K, used 8226K [0x00000000e1300000, 0x00000000eaf80000, 0x0000000100000000)
  eden space 102912K, 0% used [0x00000000e1300000,0x00000000e1300000,0x00000000e7780000)
  from space 9728K, 84% used [0x00000000e7780000,0x00000000e7f88a38,0x00000000e8100000)
  to   space 10240K, 0% used [0x00000000ea580000,0x00000000ea580000,0x00000000eaf80000)
 ParOldGen       total 47616K, used 17166K [0x00000000a3800000, 0x00000000a6680000, 0x00000000e1300000)
  object space 47616K, 36% used [0x00000000a3800000,0x00000000a48c39b0,0x00000000a6680000)
 Metaspace       used 34961K, capacity 35238K, committed 35496K, reserved 1081344K
  class space    used 4149K, capacity 4254K, committed 4272K, reserved 1048576K
}
Event: 26.410 GC heap before
{Heap before GC invocations=15 (full 2):
 PSYoungGen      total 112640K, used 8226K [0x00000000e1300000, 0x00000000eaf80000, 0x0000000100000000)
  eden space 102912K, 0% used [0x00000000e1300000,0x00000000e1300000,0x00000000e7780000)
  from space 9728K, 84% used [0x00000000e7780000,0x00000000e7f88a38,0x00000000e8100000)
  to   space 10240K, 0% used [0x00000000ea580000,0x00000000ea580000,0x00000000eaf80000)
 ParOldGen       total 47616K, used 17166K [0x00000000a3800000, 0x00000000a6680000, 0x00000000e1300000)
  object space 47616K, 36% used [0x00000000a3800000,0x00000000a48c39b0,0x00000000a6680000)
 Metaspace       used 34961K, capacity 35238K, committed 35496K, reserved 1081344K
  class space    used 4149K, capacity 4254K, committed 4272K, reserved 1048576K
Event: 26.514 GC heap after
Heap after GC invocations=15 (full 2):
 PSYoungGen      total 112640K, used 0K [0x00000000e1300000, 0x00000000eaf80000, 0x0000000100000000)
  eden space 102912K, 0% used [0x00000000e1300000,0x00000000e1300000,0x00000000e7780000)
  from space 9728K, 0% used [0x00000000e7780000,0x00000000e7780000,0x00000000e8100000)
  to   space 10240K, 0% used [0x00000000ea580000,0x00000000ea580000,0x00000000eaf80000)
 ParOldGen       total 71168K, used 23013K [0x00000000a3800000, 0x00000000a7d80000, 0x00000000e1300000)
  object space 71168K, 32% used [0x00000000a3800000,0x00000000a4e794b0,0x00000000a7d80000)
 Metaspace       used 34961K, capacity 35238K, committed 35496K, reserved 1081344K
  class space    used 4149K, capacity 4254K, committed 4272K, reserved 1048576K
}
Event: 29.463 GC heap before
{Heap before GC invocations=16 (full 2):
 PSYoungGen      total 112640K, used 102912K [0x00000000e1300000, 0x00000000eaf80000, 0x0000000100000000)
  eden space 102912K, 100% used [0x00000000e1300000,0x00000000e7780000,0x00000000e7780000)
  from space 9728K, 0% used [0x00000000e7780000,0x00000000e7780000,0x00000000e8100000)
  to   space 10240K, 0% used [0x00000000ea580000,0x00000000ea580000,0x00000000eaf80000)
 ParOldGen       total 71168K, used 23013K [0x00000000a3800000, 0x00000000a7d80000, 0x00000000e1300000)
  object space 71168K, 32% used [0x00000000a3800000,0x00000000a4e794b0,0x00000000a7d80000)
 Metaspace       used 44109K, capacity 44346K, committed 44840K, reserved 1089536K
  class space    used 5481K, capacity 5560K, committed 5680K, reserved 1048576K
Event: 29.482 GC heap after
Heap after GC invocations=16 (full 2):
 PSYoungGen      total 148480K, used 10228K [0x00000000e1300000, 0x00000000eb280000, 0x0000000100000000)
  eden space 138240K, 0% used [0x00000000e1300000,0x00000000e1300000,0x00000000e9a00000)
  from space 10240K, 99% used [0x00000000ea580000,0x00000000eaf7d000,0x00000000eaf80000)
  to   space 11776K, 0% used [0x00000000e9a00000,0x00000000e9a00000,0x00000000ea580000)
 ParOldGen       total 71168K, used 23436K [0x00000000a3800000, 0x00000000a7d80000, 0x00000000e1300000)
  object space 71168K, 32% used [0x00000000a3800000,0x00000000a4ee3390,0x00000000a7d80000)
 Metaspace       used 44109K, capacity 44346K, committed 44840K, reserved 1089536K
  class space    used 5481K, capacity 5560K, committed 5680K, reserved 1048576K
}

